#
# A fatal error has been detected by the Java Runtime Environment:
#
#  SIGSEGV (0xb) at pc=0x000000012a33e45f, pid=81053, tid=0x000000000000db07
#
# JRE version: Java(TM) SE Runtime Environment (8.0_144-b01) (build 1.8.0_144-b01)
# Java VM: Java HotSpot(TM) 64-Bit Server VM (25.144-b01 mixed mode bsd-amd64 compressed oops)
# Problematic frame:
# C  [libawt_lwawt.dylib+0x1c45f]  OGLSD_SetScratchSurface+0x49
#
# Failed to write core dump. Core dumps have been disabled. To enable core dumping, try "ulimit -c unlimited" before starting Java again
#
# If you would like to submit a bug report, please visit:
#   http://bugreport.java.com/bugreport/crash.jsp
# The crash happened outside the Java Virtual Machine in native code.
# See problematic frame for where to report the bug.
#

---------------  T H R E A D  ---------------

Current thread (0x00007f7ff81cf000):  JavaThread "Java2D Queue Flusher" daemon [_thread_in_native, id=56071, stack(0x00007000089d7000,0x0000700008ad7000)]

siginfo: si_signo: 11 (SIGSEGV), si_code: 1 (SEGV_MAPERR), si_addr: 0x0000000000000002

Registers:
RAX=0x00000000ffffffff, RBX=0x0000000000000002, RCX=0x0000000000000047, RDX=0x000000012a35f258
RSP=0x0000700008ad6750, RBP=0x0000700008ad6770, RSI=0x00007f7ff71c3260, RDI=0x00007f7ff81cf1f8
R8 =0x0000000000000c52, R9 =0xffffffff00000000, R10=0x00000001082be278, R11=0x00000001082c0180
R12=0x0000000000000000, R13=0x0000700008ad6908, R14=0x00007f7ff81cf1f8, R15=0x00007f7ff81cf000
RIP=0x000000012a33e45f, EFLAGS=0x0000000000010202, ERR=0x0000000000000004
  TRAPNO=0x000000000000000e

Top of Stack: (sp=0x0000700008ad6750)
0x0000700008ad6750:   00007f7ff71c3260 0000000000000000
0x0000700008ad6760:   00007f7ff81ebe10 00007f7ff81cf000
0x0000700008ad6770:   0000700008ad67f0 000000012a35ed36
0x0000700008ad6780:   00007f7ff641d600 0000000200000001
0x0000700008ad6790:   00007f00f81ec298 0000000000000000
0x0000700008ad67a0:   0000000000000000 0000000000000000
0x0000700008ad67b0:   0000700008ad67f0 00007f7ff81ebe20
0x0000700008ad67c0:   0000000000bdf250 00007f7ff81cf1f8
0x0000700008ad67d0:   000000017bbc2bd8 0000000000000000
0x0000700008ad67e0:   0000700008ad6988 00007f7ff81cf000
0x0000700008ad67f0:   0000700008ad6840 00000001082be2ea
0x0000700008ad6800:   00000005c021bbd8 0000000103138a00
0x0000700008ad6810:   0000000000000064 0000000000000000
0x0000700008ad6820:   0000000000000064 00007f7ff66ab4d8
0x0000700008ad6830:   0000700008ad6890 0000000102f501e8
0x0000700008ad6840:   0000700008ad6960 00000001082bfb3c
0x0000700008ad6850:   0000000000000001 00007f7ff66abe80
0x0000700008ad6860:   00000005c021bc00 00007f7ff81cf000
0x0000700008ad6870:   00007f7ff81cf000 0000000106a13a00
0x0000700008ad6880:   0000700008ad6988 00007f7ff81cf000
0x0000700008ad6890:   0000700008ad68e0 00000001085af4e8
0x0000700008ad68a0:   00000005c021bbd8 0000000108793266
0x0000700008ad68b0:   0000700008ad6960 00000001082c01dc
0x0000700008ad68c0:   ffffffffffffffff 0000000106f9cc78
0x0000700008ad68d0:   000000010704dc28 0000000000000000
0x0000700008ad68e0:   0000700008ad6960 00000001081122bd
0x0000700008ad68f0:   0000700008ad6960 00000001081122bd
0x0000700008ad6900:   00000001081122bd 00000005c021bbd8
0x0000700008ad6910:   0000000000000001 00000005c021bc60
0x0000700008ad6920:   0000700008ad6910 0000000106fa04a1
0x0000700008ad6930:   0000700008ad6988 0000000106fa07f8
0x0000700008ad6940:   0000000000000000 0000000106fa05a8 

Instructions: (pc=0x000000012a33e45f)
0x000000012a33e43f:   c0 e9 82 00 00 00 48 8b 5e 10 48 85 db 75 0e bf
0x000000012a33e44f:   01 00 00 00 48 8d 15 67 7b 03 00 eb d6 49 89 fe
0x000000012a33e45f:   4c 8b 3b 30 c0 e8 21 a6 02 00 49 8b 3f 49 89 c4
0x000000012a33e46f:   48 8b 35 aa 02 06 00 30 c0 e8 51 a7 02 00 48 85 

Register to memory mapping:

RAX=0x00000000ffffffff is an unknown value
RBX=0x0000000000000002 is an unknown value
RCX=0x0000000000000047 is an unknown value
RDX=0x000000012a35f258: Java_sun_java2d_opengl_OGLRenderQueue_flushBuffer+0xb5c in /Library/Java/JavaVirtualMachines/jdk1.8.0_144.jdk/Contents/Home/jre/lib/libawt_lwawt.dylib at 0x000000012a322000
RSP=0x0000700008ad6750 is pointing into the stack for thread: 0x00007f7ff81cf000
RBP=0x0000700008ad6770 is pointing into the stack for thread: 0x00007f7ff81cf000
RSI=0x00007f7ff71c3260 is an unknown value
RDI=0x00007f7ff81cf1f8 is an unknown value
R8 =0x0000000000000c52 is an unknown value
R9 =0xffffffff00000000 is an unknown value
R10=0x00000001082be278 is at entry_point+56 in (nmethod*)0x00000001082be0d0
R11=0x00000001082c0180 is at entry_point+0 in (nmethod*)0x00000001082c0010
R12=0x0000000000000000 is an unknown value
R13=0x0000700008ad6908 is pointing into the stack for thread: 0x00007f7ff81cf000
R14=0x00007f7ff81cf1f8 is an unknown value
R15=0x00007f7ff81cf000 is a thread


Stack: [0x00007000089d7000,0x0000700008ad7000],  sp=0x0000700008ad6750,  free space=1021k
Native frames: (J=compiled Java code, j=interpreted, Vv=VM code, C=native code)
C  [libawt_lwawt.dylib+0x1c45f]  OGLSD_SetScratchSurface+0x49
C  [libawt_lwawt.dylib+0x3cd36]  Java_sun_java2d_opengl_OGLRenderQueue_flushBuffer+0x63a
J 2700  sun.java2d.opengl.OGLRenderQueue.flushBuffer(JI)V (0 bytes) @ 0x00000001082be2ea [0x00000001082be240+0xaa]
J 2695 C1 sun.java2d.opengl.OGLRenderQueue.flushBuffer()V (41 bytes) @ 0x00000001082bfb3c [0x00000001082bf8e0+0x25c]
J 2694 C1 sun.java2d.opengl.OGLRenderQueue.access$100(Lsun/java2d/opengl/OGLRenderQueue;)V (5 bytes) @ 0x00000001082c01dc [0x00000001082c0180+0x5c]
j  sun.java2d.opengl.OGLRenderQueue$QueueFlusher.run()V+81
v  ~StubRoutines::call_stub
V  [libjvm.dylib+0x2ee70a]  JavaCalls::call_helper(JavaValue*, methodHandle*, JavaCallArguments*, Thread*)+0x6ae
V  [libjvm.dylib+0x2eeeae]  JavaCalls::call_virtual(JavaValue*, KlassHandle, Symbol*, Symbol*, JavaCallArguments*, Thread*)+0x164
V  [libjvm.dylib+0x2ef05a]  JavaCalls::call_virtual(JavaValue*, Handle, KlassHandle, Symbol*, Symbol*, Thread*)+0x4a
V  [libjvm.dylib+0x3497b1]  thread_entry(JavaThread*, Thread*)+0x7c
V  [libjvm.dylib+0x56c0b3]  JavaThread::thread_main_inner()+0x9b
V  [libjvm.dylib+0x56d7a0]  JavaThread::run()+0x1c2
V  [libjvm.dylib+0x48baee]  java_start(Thread*)+0xf6
C  [libsystem_pthread.dylib+0x3339]  _pthread_body+0x7e
C  [libsystem_pthread.dylib+0x62a7]  _pthread_start+0x46
C  [libsystem_pthread.dylib+0x2445]  thread_start+0xd
C  0x0000000000000000

Java frames: (J=compiled Java code, j=interpreted, Vv=VM code)
J 2700  sun.java2d.opengl.OGLRenderQueue.flushBuffer(JI)V (0 bytes) @ 0x00000001082be278 [0x00000001082be240+0x38]
J 2695 C1 sun.java2d.opengl.OGLRenderQueue.flushBuffer()V (41 bytes) @ 0x00000001082bfb3c [0x00000001082bf8e0+0x25c]
J 2694 C1 sun.java2d.opengl.OGLRenderQueue.access$100(Lsun/java2d/opengl/OGLRenderQueue;)V (5 bytes) @ 0x00000001082c01dc [0x00000001082c0180+0x5c]
j  sun.java2d.opengl.OGLRenderQueue$QueueFlusher.run()V+81
v  ~StubRoutines::call_stub

---------------  P R O C E S S  ---------------

Java Threads: ( => current thread )
  0x00007f7ff8229000 JavaThread "Worker-MBeans-192.168.51.28:6336" [_thread_blocked, id=45831, stack(0x000070000853c000,0x000070000863c000)]
  0x00007f7ff8d64800 JavaThread "SwingWorker-pool-1-thread-10" daemon [_thread_blocked, id=122371, stack(0x000070000a22b000,0x000070000a32b000)]
  0x00007f7ff8ce4000 JavaThread "SwingWorker-pool-1-thread-9" daemon [_thread_blocked, id=122883, stack(0x000070000a128000,0x000070000a228000)]
  0x00007f7ff9db2800 JavaThread "SwingWorker-pool-1-thread-8" daemon [_thread_blocked, id=93807, stack(0x000070000a025000,0x000070000a125000)]
  0x00007f7ff8ce3000 JavaThread "SwingWorker-pool-1-thread-7" daemon [_thread_blocked, id=129039, stack(0x0000700009481000,0x0000700009581000)]
  0x00007f7ff78d7000 JavaThread "Worker-Overview-192.168.51.28:6336" [_thread_blocked, id=125031, stack(0x0000700009e1f000,0x0000700009f1f000)]
  0x00007f7ff9853800 JavaThread "SwingWorker-pool-1-thread-6" daemon [_thread_blocked, id=92419, stack(0x0000700009d1c000,0x0000700009e1c000)]
  0x00007f7ffa84b800 JavaThread "SwingWorker-pool-1-thread-5" daemon [_thread_blocked, id=92163, stack(0x0000700009c19000,0x0000700009d19000)]
  0x00007f7ff6d3f000 JavaThread "SwingWorker-pool-1-thread-4" daemon [_thread_blocked, id=91911, stack(0x0000700009b16000,0x0000700009c16000)]
  0x00007f7ff6d4e000 JavaThread "SwingWorker-pool-1-thread-3" daemon [_thread_blocked, id=91651, stack(0x0000700009a13000,0x0000700009b13000)]
  0x00007f7ff857d000 JavaThread "SwingWorker-pool-1-thread-2" daemon [_thread_blocked, id=91399, stack(0x0000700009910000,0x0000700009a10000)]
  0x00007f7ff981d800 JavaThread "Timer-192.168.51.28:6336" daemon [_thread_blocked, id=91139, stack(0x000070000980d000,0x000070000990d000)]
  0x00007f7ff6d4d000 JavaThread "SwingWorker-pool-1-thread-1" daemon [_thread_blocked, id=126767, stack(0x000070000970a000,0x000070000980a000)]
  0x00007f7ff9bd4000 JavaThread "GC Daemon" daemon [_thread_blocked, id=30223, stack(0x0000700008848000,0x0000700008948000)]
  0x00007f7ff85e3800 JavaThread "RMI RenewClean-[192.168.51.28:39200]" daemon [_thread_blocked, id=6919, stack(0x0000700008745000,0x0000700008845000)]
  0x00007f7ff85e3000 JavaThread "RMI Scheduler(0)" daemon [_thread_blocked, id=9991, stack(0x0000700008642000,0x0000700008742000)]
  0x00007f7ff7b51000 JavaThread "TimerQueue" daemon [_thread_blocked, id=66575, stack(0x000070000906c000,0x000070000916c000)]
  0x00007f7ff905b800 JavaThread "DestroyJavaVM" [_thread_blocked, id=8963, stack(0x0000700006df4000,0x0000700006ef4000)]
  0x00007f7ff8242000 JavaThread "AWT-EventQueue-0" [_thread_blocked, id=73731, stack(0x0000700008de3000,0x0000700008ee3000)]
  0x00007f7ff8240000 JavaThread "Thread-1" [_thread_blocked, id=57603, stack(0x0000700008ce0000,0x0000700008de0000)]
  0x00007f7ff8234000 JavaThread "Thread-0" [_thread_blocked, id=73999, stack(0x0000700008bdd000,0x0000700008cdd000)]
  0x00007f7ff7a22000 JavaThread "Java2D Disposer" daemon [_thread_blocked, id=75023, stack(0x0000700008ada000,0x0000700008bda000)]
=>0x00007f7ff81cf000 JavaThread "Java2D Queue Flusher" daemon [_thread_in_native, id=56071, stack(0x00007000089d7000,0x0000700008ad7000)]
  0x00007f7ff79c9000 JavaThread "AWT-Shutdown" [_thread_blocked, id=37419, stack(0x00007000083b6000,0x00007000084b6000)]
  0x00007f7ff880d000 JavaThread "AppKit Thread" daemon [_thread_in_native, id=775, stack(0x00007ffeee257000,0x00007ffeeea57000)]
  0x00007f7ff782c800 JavaThread "Service Thread" daemon [_thread_blocked, id=22019, stack(0x000070000812d000,0x000070000822d000)]
  0x00007f7ff8801800 JavaThread "C1 CompilerThread3" daemon [_thread_blocked, id=15875, stack(0x000070000802a000,0x000070000812a000)]
  0x00007f7ff782a000 JavaThread "C2 CompilerThread2" daemon [_thread_blocked, id=16387, stack(0x0000700007f27000,0x0000700008027000)]
  0x00007f7ff7827800 JavaThread "C2 CompilerThread1" daemon [_thread_blocked, id=15363, stack(0x0000700007e24000,0x0000700007f24000)]
  0x00007f7ff7828000 JavaThread "C2 CompilerThread0" daemon [_thread_blocked, id=15107, stack(0x0000700007d21000,0x0000700007e21000)]
  0x00007f7ff7826800 JavaThread "Signal Dispatcher" daemon [_thread_blocked, id=17155, stack(0x0000700007c1e000,0x0000700007d1e000)]
  0x00007f7ff7824000 JavaThread "Finalizer" daemon [_thread_blocked, id=13827, stack(0x0000700007b1b000,0x0000700007c1b000)]
  0x00007f7ff8000000 JavaThread "Reference Handler" daemon [_thread_blocked, id=13315, stack(0x0000700007a18000,0x0000700007b18000)]

Other Threads:
  0x00007f7ff6807000 VMThread [stack: 0x0000700007915000,0x0000700007a15000] [id=13059]
  0x00007f7ff782d800 WatcherThread [stack: 0x0000700008230000,0x0000700008330000] [id=22531]

VM state:not at safepoint (normal execution)

VM Mutex/Monitor currently owned by a thread: None

Heap:
 PSYoungGen      total 51200K, used 1788K [0x0000000715580000, 0x0000000719580000, 0x00000007c0000000)
  eden space 38912K, 4% used [0x0000000715580000,0x000000071573f398,0x0000000717b80000)
  from space 12288K, 0% used [0x0000000718980000,0x0000000718980000,0x0000000719580000)
  to   space 13312K, 0% used [0x0000000717b80000,0x0000000717b80000,0x0000000718880000)
 ParOldGen       total 203264K, used 12973K [0x00000005c0000000, 0x00000005cc680000, 0x0000000715580000)
  object space 203264K, 6% used [0x00000005c0000000,0x00000005c0cab7f0,0x00000005cc680000)
 Metaspace       used 27120K, capacity 27896K, committed 28032K, reserved 1073152K
  class space    used 3493K, capacity 3706K, committed 3712K, reserved 1048576K

Card table byte_map: [0x0000000103f67000,0x0000000104f68000] byte_map_base: 0x0000000101167000

Marking Bits: (ParMarkBitMap*) 0x00000001034f35d0
 Begin Bits: [0x000000011710a000, 0x000000011f10a000)
 End Bits:   [0x000000011f10a000, 0x000000012710a000)

Polling page: 0x0000000101262000

CodeCache: size=245760Kb used=18337Kb max_used=18452Kb free=227422Kb
 bounds [0x000000010810a000, 0x000000010933a000, 0x000000011710a000]
 total_blobs=5862 nmethods=5194 adapters=578
 compilation: enabled

Compilation events (10 events):
Event: 4290.961 Thread 0x00007f7ff8801800 nmethod 6284 0x0000000108e8de90 code [0x0000000108e8dfe0, 0x0000000108e8e0f0]
Event: 4290.961 Thread 0x00007f7ff8801800 6285       3       sun.awt.geom.Edge::setEquivalence (6 bytes)
Event: 4290.961 Thread 0x00007f7ff8801800 nmethod 6285 0x0000000108a05ad0 code [0x0000000108a05c20, 0x0000000108a05d70]
Event: 4290.984 Thread 0x00007f7ff8801800 6286       1       javax.swing.table.JTableHeader::getDraggedColumn (5 bytes)
Event: 4290.985 Thread 0x00007f7ff8801800 nmethod 6286 0x0000000109008ad0 code [0x0000000109008c20, 0x0000000109008d30]
Event: 4290.985 Thread 0x00007f7ff8801800 6287       1       javax.swing.table.DefaultTableCellRenderer::revalidate (1 bytes)
Event: 4290.985 Thread 0x00007f7ff8801800 nmethod 6287 0x0000000109008810 code [0x0000000109008960, 0x0000000109008a70]
Event: 4291.010 Thread 0x00007f7ff8801800 6288       3       javax.swing.DefaultButtonModel::isSelected (15 bytes)
Event: 4291.011 Thread 0x00007f7ff8801800 nmethod 6288 0x0000000109008490 code [0x0000000109008600, 0x00000001090087b0]
Event: 4291.265 Thread 0x00007f7ff8801800 6289   !   3       sun.java2d.opengl.OGLSurfaceData::dispose (68 bytes)

GC Heap History (10 events):
Event: 3385.203 GC heap before
{Heap before GC invocations=118 (full 19):
 PSYoungGen      total 46592K, used 30924K [0x0000000715580000, 0x0000000719280000, 0x00000007c0000000)
  eden space 30720K, 99% used [0x0000000715580000,0x000000071737b3c0,0x0000000717380000)
  from space 15872K, 1% used [0x0000000718300000,0x0000000718338000,0x0000000719280000)
  to   space 15872K, 0% used [0x0000000717380000,0x0000000717380000,0x0000000718300000)
 ParOldGen       total 190464K, used 134191K [0x00000005c0000000, 0x00000005cba00000, 0x0000000715580000)
  object space 190464K, 70% used [0x00000005c0000000,0x00000005c830bf38,0x00000005cba00000)
 Metaspace       used 27101K, capacity 27892K, committed 28032K, reserved 1073152K
  class space    used 3493K, capacity 3706K, committed 3712K, reserved 1048576K
Event: 3385.210 GC heap after
Heap after GC invocations=118 (full 19):
 PSYoungGen      total 46592K, used 2623K [0x0000000715580000, 0x0000000719500000, 0x00000007c0000000)
  eden space 30720K, 0% used [0x0000000715580000,0x0000000715580000,0x0000000717380000)
  from space 15872K, 16% used [0x0000000717380000,0x000000071760fe20,0x0000000718300000)
  to   space 14848K, 0% used [0x0000000718680000,0x0000000718680000,0x0000000719500000)
 ParOldGen       total 190464K, used 134191K [0x00000005c0000000, 0x00000005cba00000, 0x0000000715580000)
  object space 190464K, 70% used [0x00000005c0000000,0x00000005c830bf38,0x00000005cba00000)
 Metaspace       used 27101K, capacity 27892K, committed 28032K, reserved 1073152K
  class space    used 3493K, capacity 3706K, committed 3712K, reserved 1048576K
}
Event: 3385.768 GC heap before
{Heap before GC invocations=119 (full 19):
 PSYoungGen      total 46592K, used 31986K [0x0000000715580000, 0x0000000719500000, 0x00000007c0000000)
  eden space 30720K, 95% used [0x0000000715580000,0x000000071722cce8,0x0000000717380000)
  from space 15872K, 16% used [0x0000000717380000,0x000000071760fe20,0x0000000718300000)
  to   space 14848K, 0% used [0x0000000718680000,0x0000000718680000,0x0000000719500000)
 ParOldGen       total 190464K, used 134191K [0x00000005c0000000, 0x00000005cba00000, 0x0000000715580000)
  object space 190464K, 70% used [0x00000005c0000000,0x00000005c830bf38,0x00000005cba00000)
 Metaspace       used 27101K, capacity 27892K, committed 28032K, reserved 1073152K
  class space    used 3493K, capacity 3706K, committed 3712K, reserved 1048576K
Event: 3385.772 GC heap after
Heap after GC invocations=119 (full 19):
 PSYoungGen      total 48128K, used 224K [0x0000000715580000, 0x0000000719380000, 0x00000007c0000000)
  eden space 34816K, 0% used [0x0000000715580000,0x0000000715580000,0x0000000717780000)
  from space 13312K, 1% used [0x0000000718680000,0x00000007186b8000,0x0000000719380000)
  to   space 14336K, 0% used [0x0000000717780000,0x0000000717780000,0x0000000718580000)
 ParOldGen       total 190464K, used 134191K [0x00000005c0000000, 0x00000005cba00000, 0x0000000715580000)
  object space 190464K, 70% used [0x00000005c0000000,0x00000005c830bf38,0x00000005cba00000)
 Metaspace       used 27101K, capacity 27892K, committed 28032K, reserved 1073152K
  class space    used 3493K, capacity 3706K, committed 3712K, reserved 1048576K
}
Event: 4286.871 GC heap before
{Heap before GC invocations=120 (full 19):
 PSYoungGen      total 48128K, used 29718K [0x0000000715580000, 0x0000000719380000, 0x00000007c0000000)
  eden space 34816K, 84% used [0x0000000715580000,0x000000071724d960,0x0000000717780000)
  from space 13312K, 1% used [0x0000000718680000,0x00000007186b8000,0x0000000719380000)
  to   space 14336K, 0% used [0x0000000717780000,0x0000000717780000,0x0000000718580000)
 ParOldGen       total 190464K, used 134191K [0x00000005c0000000, 0x00000005cba00000, 0x0000000715580000)
  object space 190464K, 70% used [0x00000005c0000000,0x00000005c830bf38,0x00000005cba00000)
 Metaspace       used 27102K, capacity 27892K, committed 28032K, reserved 1073152K
  class space    used 3493K, capacity 3706K, committed 3712K, reserved 1048576K
Event: 4286.917 GC heap after
Heap after GC invocations=120 (full 19):
 PSYoungGen      total 49152K, used 988K [0x0000000715580000, 0x0000000719700000, 0x00000007c0000000)
  eden space 34816K, 0% used [0x0000000715580000,0x0000000715580000,0x0000000717780000)
  from space 14336K, 6% used [0x0000000717780000,0x0000000717877398,0x0000000718580000)
  to   space 13824K, 0% used [0x0000000718980000,0x0000000718980000,0x0000000719700000)
 ParOldGen       total 190464K, used 134191K [0x00000005c0000000, 0x00000005cba00000, 0x0000000715580000)
  object space 190464K, 70% used [0x00000005c0000000,0x00000005c830bf38,0x00000005cba00000)
 Metaspace       used 27102K, capacity 27892K, committed 28032K, reserved 1073152K
  class space    used 3493K, capacity 3706K, committed 3712K, reserved 1048576K
}
Event: 4287.396 GC heap before
{Heap before GC invocations=121 (full 19):
 PSYoungGen      total 49152K, used 35804K [0x0000000715580000, 0x0000000719700000, 0x00000007c0000000)
  eden space 34816K, 100% used [0x0000000715580000,0x0000000717780000,0x0000000717780000)
  from space 14336K, 6% used [0x0000000717780000,0x0000000717877398,0x0000000718580000)
  to   space 13824K, 0% used [0x0000000718980000,0x0000000718980000,0x0000000719700000)
 ParOldGen       total 190464K, used 155513K [0x00000005c0000000, 0x00000005cba00000, 0x0000000715580000)
  object space 190464K, 81% used [0x00000005c0000000,0x00000005c97de748,0x00000005cba00000)
 Metaspace       used 27104K, capacity 27892K, committed 28032K, reserved 1073152K
  class space    used 3493K, capacity 3706K, committed 3712K, reserved 1048576K
Event: 4287.401 GC heap after
Heap after GC invocations=121 (full 19):
 PSYoungGen      total 51200K, used 1533K [0x0000000715580000, 0x0000000719580000, 0x00000007c0000000)
  eden space 38912K, 0% used [0x0000000715580000,0x0000000715580000,0x0000000717b80000)
  from space 12288K, 12% used [0x0000000718980000,0x0000000718aff550,0x0000000719580000)
  to   space 13312K, 0% used [0x0000000717b80000,0x0000000717b80000,0x0000000718880000)
 ParOldGen       total 190464K, used 155553K [0x00000005c0000000, 0x00000005cba00000, 0x0000000715580000)
  object space 190464K, 81% used [0x00000005c0000000,0x00000005c97e8748,0x00000005cba00000)
 Metaspace       used 27104K, capacity 27892K, committed 28032K, reserved 1073152K
  class space    used 3493K, capacity 3706K, committed 3712K, reserved 1048576K
}
Event: 4291.027 GC heap before
{Heap before GC invocations=122 (full 20):
 PSYoungGen      total 51200K, used 40099K [0x0000000715580000, 0x0000000719580000, 0x00000007c0000000)
  eden space 38912K, 99% used [0x0000000715580000,0x0000000717b29a00,0x0000000717b80000)
  from space 12288K, 12% used [0x0000000718980000,0x0000000718aff550,0x0000000719580000)
  to   space 13312K, 0% used [0x0000000717b80000,0x0000000717b80000,0x0000000718880000)
 ParOldGen       total 256512K, used 244235K [0x00000005c0000000, 0x00000005cfa80000, 0x0000000715580000)
  object space 256512K, 95% used [0x00000005c0000000,0x00000005cee82f28,0x00000005cfa80000)
 Metaspace       used 27120K, capacity 27896K, committed 28032K, reserved 1073152K
  class space    used 3493K, capacity 3706K, committed 3712K, reserved 1048576K
Event: 4291.264 GC heap after
Heap after GC invocations=122 (full 20):
 PSYoungGen      total 51200K, used 0K [0x0000000715580000, 0x0000000719580000, 0x00000007c0000000)
  eden space 38912K, 0% used [0x0000000715580000,0x0000000715580000,0x0000000717b80000)
  from space 12288K, 0% used [0x0000000718980000,0x0000000718980000,0x0000000719580000)
  to   space 13312K, 0% used [0x0000000717b80000,0x0000000717b80000,0x0000000718880000)
 ParOldGen       total 203264K, used 12973K [0x00000005c0000000, 0x00000005cc680000, 0x0000000715580000)
  object space 203264K, 6% used [0x00000005c0000000,0x00000005c0cab7f0,0x00000005cc680000)
 Metaspace       used 27120K, capacity 27896K, committed 28032K, reserved 1073152K
  class space    used 3493K, capacity 3706K, committed 3712K, reserved 1048576K
}

Deoptimization events (10 events):
Event: 1398.977 Thread 0x00007f7ff8242000 Uncommon trap: reason=unstable_if action=reinterpret pc=0x0000000109279c84 method=sun.java2d.pipe.Region.getIntersectionXYXY(IIII)Lsun/java2d/pipe/Region; @ 72
Event: 1401.232 Thread 0x00007f7ff8242000 Uncommon trap: reason=unstable_if action=reinterpret pc=0x00000001087026b4 method=java.util.HashMap$HashIterator.<init>(Ljava/util/HashMap;)V @ 45
Event: 1428.089 Thread 0x00007f7ff8242000 Uncommon trap: reason=class_check action=maybe_recompile pc=0x00000001090f294c method=java.awt.EventQueue.coalescePeerEvent(Lsun/awt/PeerEvent;)Z @ 4
Event: 1466.745 Thread 0x00007f7ff8242000 Uncommon trap: reason=class_check action=maybe_recompile pc=0x00000001090f294c method=java.awt.EventQueue.coalescePeerEvent(Lsun/awt/PeerEvent;)Z @ 4
Event: 1509.345 Thread 0x00007f7ff8242000 Uncommon trap: reason=class_check action=maybe_recompile pc=0x00000001090f294c method=java.awt.EventQueue.coalescePeerEvent(Lsun/awt/PeerEvent;)Z @ 4
Event: 1510.643 Thread 0x00007f7ff8242000 Uncommon trap: reason=unstable_if action=reinterpret pc=0x00000001089c653c method=sun.java2d.pipe.Region.endRow([I)V @ 82
Event: 3382.720 Thread 0x00007f7ff880d000 Uncommon trap: reason=unstable_if action=reinterpret pc=0x000000010931e72c method=sun.awt.PostEventQueue.flush()V @ 23
Event: 3383.030 Thread 0x00007f7ff880d000 Uncommon trap: reason=class_check action=maybe_recompile pc=0x00000001088a1088 method=java.awt.EventQueue.coalescePeerEvent(Lsun/awt/PeerEvent;)Z @ 4
Event: 4288.155 Thread 0x00007f7ff880d000 Uncommon trap: reason=speculate_class_check action=maybe_recompile pc=0x00000001091f0458 method=java.util.HashMap.putVal(ILjava/lang/Object;Ljava/lang/Object;ZZ)Ljava/lang/Object; @ 56
Event: 4288.157 Thread 0x00007f7ff880d000 Uncommon trap: reason=speculate_class_check action=maybe_recompile pc=0x00000001091f0458 method=java.util.HashMap.putVal(ILjava/lang/Object;Ljava/lang/Object;ZZ)Ljava/lang/Object; @ 56

Internal exceptions (10 events):
Event: 1528.348 Thread 0x00007f7ff85e3800 Exception <a 'java/net/ConnectException'> (0x0000000716c5a238) thrown at [/Users/java_re/workspace/8-2-build-macosx-x86_64/jdk8u144/9417/hotspot/src/share/vm/prims/jni.cpp, line 709]
Event: 1531.336 Thread 0x00007f7ff85e3800 Exception <a 'java/net/ConnectException'> (0x0000000716c5b188) thrown at [/Users/java_re/workspace/8-2-build-macosx-x86_64/jdk8u144/9417/hotspot/src/share/vm/prims/jni.cpp, line 709]
Event: 1543.369 Thread 0x00007f7ff85e3800 Exception <a 'java/net/ConnectException'> (0x0000000716c5c0f0) thrown at [/Users/java_re/workspace/8-2-build-macosx-x86_64/jdk8u144/9417/hotspot/src/share/vm/prims/jni.cpp, line 709]
Event: 1554.883 Thread 0x00007f7ff85e3800 Exception <a 'java/net/ConnectException'> (0x0000000716c5d020) thrown at [/Users/java_re/workspace/8-2-build-macosx-x86_64/jdk8u144/9417/hotspot/src/share/vm/prims/jni.cpp, line 709]
Event: 1562.910 Thread 0x00007f7ff85e3800 Exception <a 'java/net/ConnectException'> (0x0000000716c5df50) thrown at [/Users/java_re/workspace/8-2-build-macosx-x86_64/jdk8u144/9417/hotspot/src/share/vm/prims/jni.cpp, line 709]
Event: 1578.936 Thread 0x00007f7ff85e3800 Exception <a 'java/net/ConnectException'> (0x0000000716c60770) thrown at [/Users/java_re/workspace/8-2-build-macosx-x86_64/jdk8u144/9417/hotspot/src/share/vm/prims/jni.cpp, line 709]
Event: 1610.963 Thread 0x00007f7ff85e3800 Exception <a 'java/net/ConnectException'> (0x0000000716c616a0) thrown at [/Users/java_re/workspace/8-2-build-macosx-x86_64/jdk8u144/9417/hotspot/src/share/vm/prims/jni.cpp, line 709]
Event: 1684.990 Thread 0x00007f7ff85e3800 Exception <a 'java/net/ConnectException'> (0x0000000716c625d0) thrown at [/Users/java_re/workspace/8-2-build-macosx-x86_64/jdk8u144/9417/hotspot/src/share/vm/prims/jni.cpp, line 709]
Event: 1813.016 Thread 0x00007f7ff85e3800 Exception <a 'java/net/ConnectException'> (0x0000000716c65f00) thrown at [/Users/java_re/workspace/8-2-build-macosx-x86_64/jdk8u144/9417/hotspot/src/share/vm/prims/jni.cpp, line 709]
Event: 2069.046 Thread 0x00007f7ff85e3800 Exception <a 'java/net/ConnectException'> (0x0000000716c66fa8) thrown at [/Users/java_re/workspace/8-2-build-macosx-x86_64/jdk8u144/9417/hotspot/src/share/vm/prims/jni.cpp, line 709]

Events (10 events):
Event: 4287.396 Executing VM operation: ParallelGCFailedAllocation
Event: 4287.401 Executing VM operation: ParallelGCFailedAllocation done
Event: 4288.155 Thread 0x00007f7ff880d000 Uncommon trap: trap_request=0xffffff76 fr.pc=0x00000001091f0458
Event: 4288.155 Thread 0x00007f7ff880d000 DEOPT PACKING pc=0x00000001091f0458 sp=0x00007ffeeea52090
Event: 4288.155 Thread 0x00007f7ff880d000 DEOPT UNPACKING pc=0x000000010810f229 sp=0x00007ffeeea51f98 mode 2
Event: 4288.157 Thread 0x00007f7ff880d000 Uncommon trap: trap_request=0xffffff76 fr.pc=0x00000001091f0458
Event: 4288.157 Thread 0x00007f7ff880d000 DEOPT PACKING pc=0x00000001091f0458 sp=0x00007ffeeea52090
Event: 4288.157 Thread 0x00007f7ff880d000 DEOPT UNPACKING pc=0x000000010810f229 sp=0x00007ffeeea51f98 mode 2
Event: 4291.026 Executing VM operation: ParallelGCFailedAllocation
Event: 4291.264 Executing VM operation: ParallelGCFailedAllocation done


Dynamic libraries:
0x000000001cbdb000 	/System/Library/Frameworks/Cocoa.framework/Versions/A/Cocoa
0x000000001cbdb000 	/System/Library/Frameworks/Security.framework/Versions/A/Security
0x000000001cbdb000 	/System/Library/Frameworks/ApplicationServices.framework/Versions/A/ApplicationServices
0x000000001cbdb000 	/usr/lib/libz.1.dylib
0x000000001cbdb000 	/usr/lib/libSystem.B.dylib
0x000000001cbdb000 	/usr/lib/libobjc.A.dylib
0x000000001cbdb000 	/System/Library/Frameworks/CoreFoundation.framework/Versions/A/CoreFoundation
0x000000001cbdb000 	/System/Library/Frameworks/Foundation.framework/Versions/C/Foundation
0x000000001cbdb000 	/System/Library/Frameworks/AppKit.framework/Versions/C/AppKit
0x000000001cbdb000 	/System/Library/Frameworks/CoreData.framework/Versions/A/CoreData
0x000000001cbdb000 	/System/Library/PrivateFrameworks/RemoteViewServices.framework/Versions/A/RemoteViewServices
0x000000001cbdb000 	/System/Library/PrivateFrameworks/UIFoundation.framework/Versions/A/UIFoundation
0x000000001cbdb000 	/System/Library/PrivateFrameworks/XCTTargetBootstrap.framework/Versions/A/XCTTargetBootstrap
0x000000001cbdb000 	/System/Library/PrivateFrameworks/IconServices.framework/Versions/A/IconServices
0x000000001cbdb000 	/System/Library/Frameworks/Metal.framework/Versions/A/Metal
0x000000001cbdb000 	/System/Library/PrivateFrameworks/DesktopServicesPriv.framework/Versions/A/DesktopServicesPriv
0x000000001cbdb000 	/usr/lib/libenergytrace.dylib
0x000000001cbdb000 	/System/Library/PrivateFrameworks/SkyLight.framework/Versions/A/SkyLight
0x000000001cbdb000 	/System/Library/Frameworks/CoreGraphics.framework/Versions/A/CoreGraphics
0x000000001cbdb000 	/System/Library/Frameworks/Accelerate.framework/Versions/A/Accelerate
0x000000001cbdb000 	/System/Library/Frameworks/IOSurface.framework/Versions/A/IOSurface
0x000000001cbdb000 	/System/Library/PrivateFrameworks/DFRFoundation.framework/Versions/A/DFRFoundation
0x000000001cbdb000 	/System/Library/Frameworks/AudioToolbox.framework/Versions/A/AudioToolbox
0x000000001cbdb000 	/System/Library/Frameworks/AudioUnit.framework/Versions/A/AudioUnit
0x000000001cbdb000 	/System/Library/PrivateFrameworks/DataDetectorsCore.framework/Versions/A/DataDetectorsCore
0x000000001cbdb000 	/System/Library/Frameworks/Carbon.framework/Versions/A/Frameworks/HIToolbox.framework/Versions/A/HIToolbox
0x000000001cbdb000 	/usr/lib/libicucore.A.dylib
0x000000001cbdb000 	/System/Library/Frameworks/QuartzCore.framework/Versions/A/QuartzCore
0x000000001cbdb000 	/System/Library/Frameworks/Carbon.framework/Versions/A/Frameworks/SpeechRecognition.framework/Versions/A/SpeechRecognition
0x000000001cbdb000 	/usr/lib/libauto.dylib
0x000000001cbdb000 	/usr/lib/libxml2.2.dylib
0x000000001cbdb000 	/System/Library/PrivateFrameworks/CoreUI.framework/Versions/A/CoreUI
0x000000001cbdb000 	/System/Library/Frameworks/CoreAudio.framework/Versions/A/CoreAudio
0x000000001cbdb000 	/System/Library/Frameworks/DiskArbitration.framework/Versions/A/DiskArbitration
0x000000001cbdb000 	/usr/lib/liblangid.dylib
0x000000001cbdb000 	/System/Library/PrivateFrameworks/MultitouchSupport.framework/Versions/A/MultitouchSupport
0x000000001cbdb000 	/System/Library/Frameworks/IOKit.framework/Versions/A/IOKit
0x000000001cbdb000 	/usr/lib/libDiagnosticMessagesClient.dylib
0x000000001cbdb000 	/System/Library/Frameworks/CoreServices.framework/Versions/A/CoreServices
0x000000001cbdb000 	/System/Library/PrivateFrameworks/PerformanceAnalysis.framework/Versions/A/PerformanceAnalysis
0x000000001cbdb000 	/System/Library/Frameworks/OpenGL.framework/Versions/A/OpenGL
0x000000001cbdb000 	/System/Library/Frameworks/ColorSync.framework/Versions/A/ColorSync
0x000000001cbdb000 	/System/Library/Frameworks/CoreImage.framework/Versions/A/CoreImage
0x000000001cbdb000 	/System/Library/Frameworks/CoreText.framework/Versions/A/CoreText
0x000000001cbdb000 	/System/Library/Frameworks/ImageIO.framework/Versions/A/ImageIO
0x000000001cbdb000 	/System/Library/PrivateFrameworks/Backup.framework/Versions/A/Backup
0x000000001cbdb000 	/usr/lib/libarchive.2.dylib
0x000000001cbdb000 	/System/Library/Frameworks/CFNetwork.framework/Versions/A/CFNetwork
0x000000001cbdb000 	/System/Library/Frameworks/SystemConfiguration.framework/Versions/A/SystemConfiguration
0x000000001cbdb000 	/usr/lib/libCRFSuite.dylib
0x000000001cbdb000 	/usr/lib/libc++.1.dylib
0x000000001cbdb000 	/usr/lib/libc++abi.dylib
0x000000001cbdb000 	/usr/lib/system/libcache.dylib
0x000000001cbdb000 	/usr/lib/system/libcommonCrypto.dylib
0x000000001cbdb000 	/usr/lib/system/libcompiler_rt.dylib
0x000000001cbdb000 	/usr/lib/system/libcopyfile.dylib
0x000000001cbdb000 	/usr/lib/system/libcorecrypto.dylib
0x000000001cbdb000 	/usr/lib/system/libdispatch.dylib
0x000000001cbdb000 	/usr/lib/system/libdyld.dylib
0x000000001cbdb000 	/usr/lib/system/libkeymgr.dylib
0x000000001cbdb000 	/usr/lib/system/liblaunch.dylib
0x000000001cbdb000 	/usr/lib/system/libmacho.dylib
0x000000001cbdb000 	/usr/lib/system/libquarantine.dylib
0x000000001cbdb000 	/usr/lib/system/libremovefile.dylib
0x000000001cbdb000 	/usr/lib/system/libsystem_asl.dylib
0x000000001cbdb000 	/usr/lib/system/libsystem_blocks.dylib
0x000000001cbdb000 	/usr/lib/system/libsystem_c.dylib
0x000000001cbdb000 	/usr/lib/system/libsystem_configuration.dylib
0x000000001cbdb000 	/usr/lib/system/libsystem_coreservices.dylib
0x000000001cbdb000 	/usr/lib/system/libsystem_darwin.dylib
0x000000001cbdb000 	/usr/lib/system/libsystem_dnssd.dylib
0x000000001cbdb000 	/usr/lib/system/libsystem_info.dylib
0x000000001cbdb000 	/usr/lib/system/libsystem_m.dylib
0x000000001cbdb000 	/usr/lib/system/libsystem_malloc.dylib
0x000000001cbdb000 	/usr/lib/system/libsystem_networkextension.dylib
0x000000001cbdb000 	/usr/lib/system/libsystem_notify.dylib
0x000000001cbdb000 	/usr/lib/system/libsystem_sandbox.dylib
0x000000001cbdb000 	/usr/lib/system/libsystem_secinit.dylib
0x000000001cbdb000 	/usr/lib/system/libsystem_kernel.dylib
0x000000001cbdb000 	/usr/lib/system/libsystem_platform.dylib
0x000000001cbdb000 	/usr/lib/system/libsystem_pthread.dylib
0x000000001cbdb000 	/usr/lib/system/libsystem_symptoms.dylib
0x000000001cbdb000 	/usr/lib/system/libsystem_trace.dylib
0x000000001cbdb000 	/usr/lib/system/libunwind.dylib
0x000000001cbdb000 	/usr/lib/system/libxpc.dylib
0x000000001cbdb000 	/usr/lib/libbsm.0.dylib
0x000000001cbdb000 	/usr/lib/system/libkxld.dylib
0x000000001cbdb000 	/System/Library/PrivateFrameworks/AppleFSCompression.framework/Versions/A/AppleFSCompression
0x000000001cbdb000 	/usr/lib/libOpenScriptingUtil.dylib
0x000000001cbdb000 	/usr/lib/libcoretls.dylib
0x000000001cbdb000 	/usr/lib/libcoretls_cfhelpers.dylib
0x000000001cbdb000 	/usr/lib/libpam.2.dylib
0x000000001cbdb000 	/usr/lib/libsqlite3.dylib
0x000000001cbdb000 	/usr/lib/libxar.1.dylib
0x000000001cbdb000 	/usr/lib/libbz2.1.0.dylib
0x000000001cbdb000 	/usr/lib/liblzma.5.dylib
0x000000001cbdb000 	/usr/lib/libnetwork.dylib
0x000000001cbdb000 	/usr/lib/libapple_nghttp2.dylib
0x000000001cbdb000 	/usr/lib/libpcap.A.dylib
0x000000001cbdb000 	/System/Library/Frameworks/CoreServices.framework/Versions/A/Frameworks/FSEvents.framework/Versions/A/FSEvents
0x000000001cbdb000 	/System/Library/Frameworks/CoreServices.framework/Versions/A/Frameworks/CarbonCore.framework/Versions/A/CarbonCore
0x000000001cbdb000 	/System/Library/Frameworks/CoreServices.framework/Versions/A/Frameworks/Metadata.framework/Versions/A/Metadata
0x000000001cbdb000 	/System/Library/Frameworks/CoreServices.framework/Versions/A/Frameworks/OSServices.framework/Versions/A/OSServices
0x000000001cbdb000 	/System/Library/Frameworks/CoreServices.framework/Versions/A/Frameworks/SearchKit.framework/Versions/A/SearchKit
0x000000001cbdb000 	/System/Library/Frameworks/CoreServices.framework/Versions/A/Frameworks/AE.framework/Versions/A/AE
0x000000001cbdb000 	/System/Library/Frameworks/CoreServices.framework/Versions/A/Frameworks/LaunchServices.framework/Versions/A/LaunchServices
0x000000001cbdb000 	/System/Library/Frameworks/CoreServices.framework/Versions/A/Frameworks/DictionaryServices.framework/Versions/A/DictionaryServices
0x000000001cbdb000 	/System/Library/Frameworks/CoreServices.framework/Versions/A/Frameworks/SharedFileList.framework/Versions/A/SharedFileList
0x000000001cbdb000 	/System/Library/Frameworks/NetFS.framework/Versions/A/NetFS
0x000000001cbdb000 	/System/Library/PrivateFrameworks/NetAuth.framework/Versions/A/NetAuth
0x000000001cbdb000 	/System/Library/PrivateFrameworks/login.framework/Versions/A/Frameworks/loginsupport.framework/Versions/A/loginsupport
0x000000001cbdb000 	/System/Library/PrivateFrameworks/TCC.framework/Versions/A/TCC
0x000000001cbdb000 	/System/Library/PrivateFrameworks/CoreNLP.framework/Versions/A/CoreNLP
0x000000001cbdb000 	/System/Library/PrivateFrameworks/MetadataUtilities.framework/Versions/A/MetadataUtilities
0x000000001cbdb000 	/usr/lib/libmecabra.dylib
0x000000001cbdb000 	/System/Library/Frameworks/ApplicationServices.framework/Versions/A/Frameworks/ATS.framework/Versions/A/ATS
0x000000001cbdb000 	/System/Library/Frameworks/ApplicationServices.framework/Versions/A/Frameworks/ColorSyncLegacy.framework/Versions/A/ColorSyncLegacy
0x000000001cbdb000 	/System/Library/Frameworks/ApplicationServices.framework/Versions/A/Frameworks/HIServices.framework/Versions/A/HIServices
0x000000001cbdb000 	/System/Library/Frameworks/ApplicationServices.framework/Versions/A/Frameworks/LangAnalysis.framework/Versions/A/LangAnalysis
0x000000001cbdb000 	/System/Library/Frameworks/ApplicationServices.framework/Versions/A/Frameworks/PrintCore.framework/Versions/A/PrintCore
0x000000001cbdb000 	/System/Library/Frameworks/ApplicationServices.framework/Versions/A/Frameworks/QD.framework/Versions/A/QD
0x000000001cbdb000 	/System/Library/Frameworks/ApplicationServices.framework/Versions/A/Frameworks/SpeechSynthesis.framework/Versions/A/SpeechSynthesis
0x000000001cbdb000 	/usr/lib/libcompression.dylib
0x000000001cbdb000 	/System/Library/Frameworks/CoreDisplay.framework/Versions/A/CoreDisplay
0x000000001cbdb000 	/System/Library/Frameworks/MetalPerformanceShaders.framework/Versions/A/MetalPerformanceShaders
0x000000001cbdb000 	/System/Library/Frameworks/Accelerate.framework/Versions/A/Frameworks/vImage.framework/Versions/A/vImage
0x000000001cbdb000 	/System/Library/Frameworks/Accelerate.framework/Versions/A/Frameworks/vecLib.framework/Versions/A/vecLib
0x000000001cbdb000 	/System/Library/Frameworks/Accelerate.framework/Versions/A/Frameworks/vecLib.framework/Versions/A/libvMisc.dylib
0x000000001cbdb000 	/System/Library/Frameworks/Accelerate.framework/Versions/A/Frameworks/vecLib.framework/Versions/A/libvDSP.dylib
0x000000001cbdb000 	/System/Library/Frameworks/Accelerate.framework/Versions/A/Frameworks/vecLib.framework/Versions/A/libBLAS.dylib
0x000000001cbdb000 	/System/Library/Frameworks/Accelerate.framework/Versions/A/Frameworks/vecLib.framework/Versions/A/libLAPACK.dylib
0x000000001cbdb000 	/System/Library/Frameworks/Accelerate.framework/Versions/A/Frameworks/vecLib.framework/Versions/A/libLinearAlgebra.dylib
0x000000001cbdb000 	/System/Library/Frameworks/Accelerate.framework/Versions/A/Frameworks/vecLib.framework/Versions/A/libSparseBLAS.dylib
0x000000001cbdb000 	/System/Library/Frameworks/Accelerate.framework/Versions/A/Frameworks/vecLib.framework/Versions/A/libQuadrature.dylib
0x000000001cbdb000 	/System/Library/Frameworks/Accelerate.framework/Versions/A/Frameworks/vecLib.framework/Versions/A/libBNNS.dylib
0x000000001cbdb000 	/System/Library/Frameworks/Accelerate.framework/Versions/A/Frameworks/vecLib.framework/Versions/A/libSparse.dylib
0x000000001cbdb000 	/System/Library/PrivateFrameworks/GPUWrangler.framework/Versions/A/GPUWrangler
0x000000001cbdb000 	/System/Library/PrivateFrameworks/IOAccelerator.framework/Versions/A/IOAccelerator
0x000000001cbdb000 	/System/Library/PrivateFrameworks/IOPresentment.framework/Versions/A/IOPresentment
0x000000001cbdb000 	/System/Library/PrivateFrameworks/DSExternalDisplay.framework/Versions/A/DSExternalDisplay
0x000000001cbdb000 	/System/Library/Frameworks/OpenGL.framework/Versions/A/Libraries/libCoreFSCache.dylib
0x000000001cbdb000 	/System/Library/Frameworks/MetalPerformanceShaders.framework/Frameworks/MPSCore.framework/Versions/A/MPSCore
0x000000001cbdb000 	/System/Library/Frameworks/MetalPerformanceShaders.framework/Frameworks/MPSImage.framework/Versions/A/MPSImage
0x000000001cbdb000 	/System/Library/Frameworks/MetalPerformanceShaders.framework/Frameworks/MPSNeuralNetwork.framework/Versions/A/MPSNeuralNetwork
0x000000001cbdb000 	/System/Library/Frameworks/MetalPerformanceShaders.framework/Frameworks/MPSMatrix.framework/Versions/A/MPSMatrix
0x000000001cbdb000 	/System/Library/Frameworks/MetalPerformanceShaders.framework/Frameworks/MPSRayIntersector.framework/Versions/A/MPSRayIntersector
0x000000001cbdb000 	/System/Library/PrivateFrameworks/MetalTools.framework/Versions/A/MetalTools
0x000000001cbdb000 	/System/Library/PrivateFrameworks/AggregateDictionary.framework/Versions/A/AggregateDictionary
0x000000001cbdb000 	/usr/lib/libMobileGestalt.dylib
0x000000001cbdb000 	/System/Library/Frameworks/CoreVideo.framework/Versions/A/CoreVideo
0x000000001cbdb000 	/System/Library/PrivateFrameworks/GraphVisualizer.framework/Versions/A/GraphVisualizer
0x000000001cbdb000 	/System/Library/PrivateFrameworks/FaceCore.framework/Versions/A/FaceCore
0x000000001cbdb000 	/System/Library/Frameworks/OpenCL.framework/Versions/A/OpenCL
0x000000001cbdb000 	/usr/lib/libFosl_dynamic.dylib
0x000000001cbdb000 	/System/Library/PrivateFrameworks/OTSVG.framework/Versions/A/OTSVG
0x000000001cbdb000 	/System/Library/Frameworks/ApplicationServices.framework/Versions/A/Frameworks/ATS.framework/Versions/A/Resources/libFontParser.dylib
0x000000001cbdb000 	/System/Library/Frameworks/ApplicationServices.framework/Versions/A/Frameworks/ATS.framework/Versions/A/Resources/libFontRegistry.dylib
0x000000001cbdb000 	/System/Library/Frameworks/ImageIO.framework/Versions/A/Resources/libJPEG.dylib
0x000000001cbdb000 	/System/Library/Frameworks/ImageIO.framework/Versions/A/Resources/libTIFF.dylib
0x000000001cbdb000 	/System/Library/Frameworks/ImageIO.framework/Versions/A/Resources/libPng.dylib
0x000000001cbdb000 	/System/Library/Frameworks/ImageIO.framework/Versions/A/Resources/libGIF.dylib
0x000000001cbdb000 	/System/Library/Frameworks/ImageIO.framework/Versions/A/Resources/libJP2.dylib
0x000000001cbdb000 	/System/Library/Frameworks/ImageIO.framework/Versions/A/Resources/libRadiance.dylib
0x000000001cbdb000 	/System/Library/PrivateFrameworks/AppleJPEG.framework/Versions/A/AppleJPEG
0x000000001cbdb000 	/System/Library/Frameworks/OpenGL.framework/Versions/A/Libraries/libGFXShared.dylib
0x000000001cbdb000 	/System/Library/Frameworks/OpenGL.framework/Versions/A/Libraries/libGLU.dylib
0x000000001cbdb000 	/System/Library/Frameworks/OpenGL.framework/Versions/A/Libraries/libGL.dylib
0x000000001cbdb000 	/System/Library/Frameworks/OpenGL.framework/Versions/A/Libraries/libGLImage.dylib
0x000000001cbdb000 	/System/Library/Frameworks/OpenGL.framework/Versions/A/Libraries/libCVMSPluginSupport.dylib
0x000000001cbdb000 	/System/Library/Frameworks/OpenGL.framework/Versions/A/Libraries/libCoreVMClient.dylib
0x000000001cbdb000 	/usr/lib/libcups.2.dylib
0x000000001cbdb000 	/System/Library/Frameworks/Kerberos.framework/Versions/A/Kerberos
0x000000001cbdb000 	/System/Library/Frameworks/GSS.framework/Versions/A/GSS
0x000000001cbdb000 	/usr/lib/libresolv.9.dylib
0x000000001cbdb000 	/usr/lib/libiconv.2.dylib
0x000000001cbdb000 	/System/Library/PrivateFrameworks/Heimdal.framework/Versions/A/Heimdal
0x000000001cbdb000 	/usr/lib/libheimdal-asn1.dylib
0x000000001cbdb000 	/System/Library/Frameworks/OpenDirectory.framework/Versions/A/OpenDirectory
0x000000001cbdb000 	/System/Library/PrivateFrameworks/CommonAuth.framework/Versions/A/CommonAuth
0x000000001cbdb000 	/System/Library/Frameworks/OpenDirectory.framework/Versions/A/Frameworks/CFOpenDirectory.framework/Versions/A/CFOpenDirectory
0x000000001cbdb000 	/System/Library/Frameworks/SecurityFoundation.framework/Versions/A/SecurityFoundation
0x000000001cbdb000 	/System/Library/PrivateFrameworks/APFS.framework/Versions/A/APFS
0x000000001cbdb000 	/usr/lib/libutil.dylib
0x000000001cbdb000 	/usr/lib/libcharset.1.dylib
0x000000001cbdb000 	/System/Library/PrivateFrameworks/AppleSauce.framework/Versions/A/AppleSauce
0x000000001cbdb000 	/System/Library/PrivateFrameworks/AssertionServices.framework/Versions/A/AssertionServices
0x000000001cbdb000 	/System/Library/PrivateFrameworks/BaseBoard.framework/Versions/A/BaseBoard
0x000000001cbdb000 	/usr/lib/libmecab.1.0.0.dylib
0x000000001cbdb000 	/usr/lib/libgermantok.dylib
0x000000001cbdb000 	/usr/lib/libThaiTokenizer.dylib
0x000000001cbdb000 	/usr/lib/libChineseTokenizer.dylib
0x000000001cbdb000 	/System/Library/PrivateFrameworks/LanguageModeling.framework/Versions/A/LanguageModeling
0x000000001cbdb000 	/System/Library/PrivateFrameworks/CoreEmoji.framework/Versions/A/CoreEmoji
0x000000001cbdb000 	/System/Library/PrivateFrameworks/Lexicon.framework/Versions/A/Lexicon
0x000000001cbdb000 	/System/Library/PrivateFrameworks/LinguisticData.framework/Versions/A/LinguisticData
0x000000001cbdb000 	/usr/lib/libcmph.dylib
0x000000001cbdb000 	/System/Library/Frameworks/ServiceManagement.framework/Versions/A/ServiceManagement
0x000000001cbdb000 	/System/Library/PrivateFrameworks/BackgroundTaskManagement.framework/Versions/A/BackgroundTaskManagement
0x000000001cbdb000 	/usr/lib/libxslt.1.dylib
0x000000001cbdb000 	/System/Library/Frameworks/Carbon.framework/Versions/A/Frameworks/Ink.framework/Versions/A/Ink
0x000000001cbdb000 	/System/Library/PrivateFrameworks/TextureIO.framework/Versions/A/TextureIO
0x000000001cbdb000 	/usr/lib/libate.dylib
0x000000001cbdb000 	/System/Library/PrivateFrameworks/CrashReporterSupport.framework/Versions/A/CrashReporterSupport
0x000000001cbdb000 	/System/Library/PrivateFrameworks/Sharing.framework/Versions/A/Sharing
0x000000001cbdb000 	/System/Library/PrivateFrameworks/AuthKit.framework/Versions/A/AuthKit
0x000000001cbdb000 	/System/Library/PrivateFrameworks/Apple80211.framework/Versions/A/Apple80211
0x000000001cbdb000 	/System/Library/PrivateFrameworks/CoreUtils.framework/Versions/A/CoreUtils
0x000000001cbdb000 	/System/Library/Frameworks/CoreWLAN.framework/Versions/A/CoreWLAN
0x000000001cbdb000 	/System/Library/Frameworks/IOBluetooth.framework/Versions/A/IOBluetooth
0x000000001cbdb000 	/System/Library/PrivateFrameworks/ProtocolBuffer.framework/Versions/A/ProtocolBuffer
0x000000001cbdb000 	/System/Library/PrivateFrameworks/MobileKeyBag.framework/Versions/A/MobileKeyBag
0x000000001cbdb000 	/System/Library/PrivateFrameworks/CorePhoneNumbers.framework/Versions/A/CorePhoneNumbers
0x000000001cbdb000 	/System/Library/PrivateFrameworks/AppleIDAuthSupport.framework/Versions/A/AppleIDAuthSupport
0x000000001cbdb000 	/System/Library/PrivateFrameworks/KeychainCircle.framework/Versions/A/KeychainCircle
0x000000001cbdb000 	/System/Library/PrivateFrameworks/ROCKit.framework/Versions/A/ROCKit
0x000000001cbdb000 	/System/Library/PrivateFrameworks/CoreWiFi.framework/Versions/A/CoreWiFi
0x000000001cbdb000 	/System/Library/Frameworks/CoreBluetooth.framework/Versions/A/CoreBluetooth
0x000000001cbdb000 	/System/Library/PrivateFrameworks/DebugSymbols.framework/Versions/A/DebugSymbols
0x000000001cbdb000 	/System/Library/PrivateFrameworks/CoreSymbolication.framework/Versions/A/CoreSymbolication
0x000000001cbdb000 	/System/Library/PrivateFrameworks/Symbolication.framework/Versions/A/Symbolication
0x000000001cbdb000 	/System/Library/PrivateFrameworks/SpeechRecognitionCore.framework/Versions/A/SpeechRecognitionCore
0x0000000102c00000 	/Library/Java/JavaVirtualMachines/jdk1.8.0_144.jdk/Contents/Home/jre/lib/server/libjvm.dylib
0x000000001cbdb000 	/usr/lib/libstdc++.6.dylib
0x000000010121f000 	/Library/Java/JavaVirtualMachines/jdk1.8.0_144.jdk/Contents/Home/jre/lib/libverify.dylib
0x000000010122d000 	/Library/Java/JavaVirtualMachines/jdk1.8.0_144.jdk/Contents/Home/jre/lib/libjava.dylib
0x000000010126b000 	/Library/Java/JavaVirtualMachines/jdk1.8.0_144.jdk/Contents/Home/jre/lib/libzip.dylib
0x000000001cbdb000 	/System/Library/Frameworks/JavaVM.framework/Versions/A/Frameworks/JavaRuntimeSupport.framework/Versions/A/JavaRuntimeSupport
0x000000001cbdb000 	/System/Library/Frameworks/JavaVM.framework/Versions/A/Frameworks/JavaNativeFoundation.framework/Versions/A/JavaNativeFoundation
0x000000001cbdb000 	/System/Library/Frameworks/JavaVM.framework/Versions/A/JavaVM
0x000000001cbdb000 	/System/Library/Frameworks/Carbon.framework/Versions/A/Carbon
0x000000001cbdb000 	/System/Library/PrivateFrameworks/JavaLaunching.framework/Versions/A/JavaLaunching
0x000000001cbdb000 	/System/Library/Frameworks/Carbon.framework/Versions/A/Frameworks/CommonPanels.framework/Versions/A/CommonPanels
0x000000001cbdb000 	/System/Library/Frameworks/Carbon.framework/Versions/A/Frameworks/Help.framework/Versions/A/Help
0x000000001cbdb000 	/System/Library/Frameworks/Carbon.framework/Versions/A/Frameworks/ImageCapture.framework/Versions/A/ImageCapture
0x000000001cbdb000 	/System/Library/Frameworks/Carbon.framework/Versions/A/Frameworks/OpenScripting.framework/Versions/A/OpenScripting
0x000000001cbdb000 	/System/Library/Frameworks/Carbon.framework/Versions/A/Frameworks/Print.framework/Versions/A/Print
0x000000001cbdb000 	/System/Library/Frameworks/Carbon.framework/Versions/A/Frameworks/SecurityHI.framework/Versions/A/SecurityHI
0x000000012a1ae000 	/Library/Java/JavaVirtualMachines/jdk1.8.0_144.jdk/Contents/Home/jre/lib/libawt.dylib
0x000000012a256000 	/Library/Java/JavaVirtualMachines/jdk1.8.0_144.jdk/Contents/Home/jre/lib/./libmlib_image.dylib
0x000000012a322000 	/Library/Java/JavaVirtualMachines/jdk1.8.0_144.jdk/Contents/Home/jre/lib/libawt_lwawt.dylib
0x000000012a3d9000 	/Library/Java/JavaVirtualMachines/jdk1.8.0_144.jdk/Contents/Home/jre/lib/./libosxapp.dylib
0x000000001cbdb000 	/System/Library/Frameworks/ExceptionHandling.framework/Versions/A/ExceptionHandling
0x000000001cbdb000 	/System/Library/PrivateFrameworks/CoreServicesInternal.framework/Versions/A/CoreServicesInternal
0x000000001cbdb000 	/System/Library/CoreServices/RawCamera.bundle/Contents/MacOS/RawCamera
0x000000001cbdb000 	/System/Library/PrivateFrameworks/MobileAsset.framework/Versions/A/MobileAsset
0x000000001cbdb000 	/System/Library/PrivateFrameworks/StreamingZip.framework/Versions/A/StreamingZip
0x000000001cbdb000 	/System/Library/Frameworks/MediaToolbox.framework/Versions/A/MediaToolbox
0x000000001cbdb000 	/System/Library/PrivateFrameworks/CoreAVCHD.framework/Versions/A/CoreAVCHD
0x000000001cbdb000 	/System/Library/Frameworks/MediaAccessibility.framework/Versions/A/MediaAccessibility
0x000000001cbdb000 	/System/Library/PrivateFrameworks/Mangrove.framework/Versions/A/Mangrove
0x000000001cbdb000 	/System/Library/Frameworks/CoreMedia.framework/Versions/A/CoreMedia
0x000000001cbdb000 	/System/Library/Frameworks/VideoToolbox.framework/Versions/A/VideoToolbox
0x000000001cbdb000 	/System/Library/PrivateFrameworks/CoreAUC.framework/Versions/A/CoreAUC
0x000000001cbdb000 	/usr/lib/libspindump.dylib
0x000000001cbdb000 	/System/Library/PrivateFrameworks/AppleVA.framework/Versions/A/AppleVA
0x000000001cbdb000 	/System/Library/Frameworks/Accelerate.framework/Versions/A/Frameworks/vImage.framework/Versions/A/Libraries/libCGInterfaces.dylib
0x000000001cbdb000 	/System/Library/Frameworks/ApplicationServices.framework/Versions/A/Frameworks/ATS.framework/Versions/A/Resources/libTrueTypeScaler.dylib
0x000000001cbdb000 	/System/Library/Extensions/AMDMTLBronzeDriver.bundle/Contents/MacOS/AMDMTLBronzeDriver
0x000000001cbdb000 	/System/Library/PrivateFrameworks/IOAccelMemoryInfo.framework/Versions/A/IOAccelMemoryInfo
0x000000001cbdb000 	/System/Library/Extensions/AppleIntelKBLGraphicsMTLDriver.bundle/Contents/MacOS/AppleIntelKBLGraphicsMTLDriver
0x000000001cbdb000 	/System/Library/PrivateFrameworks/GPUCompiler.framework/Versions/3902/Libraries/libmetal_timestamp.dylib
0x000000001cbdb000 	/System/Library/PrivateFrameworks/FamilyControls.framework/Versions/A/FamilyControls
0x000000001cbdb000 	/System/Library/PrivateFrameworks/CommerceKit.framework/Versions/A/Frameworks/CommerceCore.framework/Versions/A/CommerceCore
0x000000001cbdb000 	/System/Library/PrivateFrameworks/SystemAdministration.framework/Versions/A/SystemAdministration
0x000000001cbdb000 	/System/Library/PrivateFrameworks/AppContainer.framework/Versions/A/AppContainer
0x000000001cbdb000 	/System/Library/PrivateFrameworks/AppSandbox.framework/Versions/A/AppSandbox
0x000000001cbdb000 	/System/Library/PrivateFrameworks/SecCodeWrapper.framework/Versions/A/SecCodeWrapper
0x000000001cbdb000 	/usr/lib/libsandbox.1.dylib
0x000000001cbdb000 	/usr/lib/libMatch.1.dylib
0x000000001cbdb000 	/System/Library/PrivateFrameworks/DiskManagement.framework/Versions/A/DiskManagement
0x000000001cbdb000 	/System/Library/Frameworks/DirectoryService.framework/Versions/A/DirectoryService
0x000000001cbdb000 	/System/Library/PrivateFrameworks/DiskImages.framework/Versions/A/DiskImages
0x000000001cbdb000 	/System/Library/PrivateFrameworks/LoginUIKit.framework/Versions/A/Frameworks/LoginUICore.framework/Versions/A/LoginUICore
0x000000001cbdb000 	/usr/lib/libCoreStorage.dylib
0x000000001cbdb000 	/usr/lib/libcsfde.dylib
0x000000001cbdb000 	/usr/lib/libodfde.dylib
0x000000001cbdb000 	/System/Library/PrivateFrameworks/MediaKit.framework/Versions/A/MediaKit
0x000000001cbdb000 	/System/Library/Frameworks/DiscRecording.framework/Versions/A/DiscRecording
0x000000001cbdb000 	/System/Library/PrivateFrameworks/EFILogin.framework/Versions/A/EFILogin
0x000000001cbdb000 	/System/Library/PrivateFrameworks/ProtectedCloudStorage.framework/Versions/A/ProtectedCloudStorage
0x000000001cbdb000 	/usr/lib/libcurl.4.dylib
0x000000001cbdb000 	/usr/lib/libcrypto.42.dylib
0x000000001cbdb000 	/usr/lib/libssl.44.dylib
0x000000001cbdb000 	/System/Library/Frameworks/LDAP.framework/Versions/A/LDAP
0x000000001cbdb000 	/System/Library/PrivateFrameworks/TrustEvaluationAgent.framework/Versions/A/TrustEvaluationAgent
0x000000001cbdb000 	/usr/lib/libsasl2.2.dylib
0x000000001cbdb000 	/System/Library/PrivateFrameworks/CoreDaemon.framework/Versions/B/CoreDaemon
0x000000001cbdb000 	/System/Library/PrivateFrameworks/AppleSRP.framework/Versions/A/AppleSRP
0x000000001cbdb000 	/System/Library/PrivateFrameworks/ViewBridge.framework/Versions/A/ViewBridge
0x000000012a9b1000 	/usr/lib/libobjc-trampolines.dylib
0x000000012d20d000 	/Library/Java/JavaVirtualMachines/jdk1.8.0_144.jdk/Contents/Home/jre/lib/libfontmanager.dylib
0x000000012d274000 	/Library/Java/JavaVirtualMachines/jdk1.8.0_144.jdk/Contents/Home/jre/lib/libosxui.dylib
0x000000001cbdb000 	/System/Library/Frameworks/OpenGL.framework/Versions/A/Resources/GLEngine.bundle/GLEngine
0x000000001cbdb000 	/System/Library/Frameworks/OpenGL.framework/Versions/A/Libraries/libGLProgrammability.dylib
0x000000001cbdb000 	/System/Library/Extensions/AppleIntelKBLGraphicsGLDriver.bundle/Contents/MacOS/AppleIntelKBLGraphicsGLDriver
0x000000001cbdb000 	/System/Library/PrivateFrameworks/GPUSupport.framework/Versions/A/Libraries/libGPUSupportMercury.dylib
0x000000012dd1b000 	/System/Library/Extensions/AMDRadeonX4000GLDriver.bundle/Contents/MacOS/AMDRadeonX4000GLDriver
0x000000001cbdb000 	/System/Library/Extensions/AMDRadeonX4000GLDriver.bundle/Contents/MacOS/ATIRadeonX4000SCLib.dylib
0x000000001cbdb000 	/System/Library/Frameworks/OpenGL.framework/Versions/A/Resources/GLRendererFloat.bundle/GLRendererFloat
0x000000001cbdb000 	/System/Library/Frameworks/OpenCL.framework/Versions/A/Libraries/libcldcpuengine.dylib
0x000000001cbdb000 	/usr/lib/libcrypto.35.dylib
0x000000013470e000 	/Library/Java/JavaVirtualMachines/jdk1.8.0_144.jdk/Contents/Home/jre/lib/libnet.dylib
0x0000000134725000 	/Library/Java/JavaVirtualMachines/jdk1.8.0_144.jdk/Contents/Home/jre/lib/libnio.dylib
0x000000012b8fc000 	/Library/Java/JavaVirtualMachines/jdk1.8.0_144.jdk/Contents/Home/jre/lib/libdcpr.dylib
0x000000001cbdb000 	/System/Library/PrivateFrameworks/login.framework/Versions/A/login
0x000000017ac23000 	/Library/Java/JavaVirtualMachines/jdk1.8.0_144.jdk/Contents/Home/jre/lib/libsunec.dylib

VM Arguments:
jvm_args: -Dapplication.home=/Library/Java/JavaVirtualMachines/jdk1.8.0_144.jdk/Contents/Home -Xms8m -Djconsole.showOutputViewer 
java_command: sun.tools.jconsole.JConsole
java_class_path (initial): /Library/Java/JavaVirtualMachines/jdk1.8.0_144.jdk/Contents/Home/lib/jconsole.jar:/Library/Java/JavaVirtualMachines/jdk1.8.0_144.jdk/Contents/Home/lib/tools.jar:/Library/Java/JavaVirtualMachines/jdk1.8.0_144.jdk/Contents/Home/classes
Launcher Type: SUN_STANDARD

Environment Variables:
JAVA_HOME=/Library/Java/JavaVirtualMachines/Java8/Contents/Home
PATH=/Users/rgoers/.nvm/versions/node/v7.0.0/bin:/usr/local/opt/protobuf@2.5/bin:/Library/Frameworks/Python.framework/Versions/3.6/bin:/Library/PostgreSQL/11/bin:/opt/subversion/bin:/opt/ant/ant19/bin:/Users/rgoers/bin:/usr/local/git/bin:/opt/maven/maven/bin:/Library/Java/JavaVirtualMachines/Java8/Contents/Home/bin:/opt/gradle/gradle/bin:/opt/roo/bin:/usr/local/bin:/usr/bin:/bin:/usr/sbin:/sbin:/Applications/VMware Fusion.app/Contents/Public:/usr/local/go/bin:/usr/local/MacGPG2/bin:/opt/X11/bin
SHELL=/bin/bash
DISPLAY=/private/tmp/com.apple.launchd.GVYLrXVX6R/org.macosforge.xquartz:0

Signal Handlers:
SIGSEGV: [libjvm.dylib+0x5b26e5], sa_mask[0]=11111111011111110111111111111111, sa_flags=SA_ONSTACK|SA_RESTART|SA_SIGINFO
SIGBUS: [libjvm.dylib+0x5b26e5], sa_mask[0]=11111111011111110111111111111111, sa_flags=SA_RESTART|SA_SIGINFO
SIGFPE: [libjvm.dylib+0x489100], sa_mask[0]=11111111011111110111111111111111, sa_flags=SA_RESTART|SA_SIGINFO
SIGPIPE: [libjvm.dylib+0x489100], sa_mask[0]=11111111011111110111111111111111, sa_flags=SA_RESTART|SA_SIGINFO
SIGXFSZ: [libjvm.dylib+0x489100], sa_mask[0]=11111111011111110111111111111111, sa_flags=SA_RESTART|SA_SIGINFO
SIGILL: [libjvm.dylib+0x489100], sa_mask[0]=11111111011111110111111111111111, sa_flags=SA_RESTART|SA_SIGINFO
SIGUSR1: SIG_DFL, sa_mask[0]=11011111011111100000000111000110, sa_flags=none
SIGUSR2: [libjvm.dylib+0x488c1e], sa_mask[0]=00000000000000000000000000000000, sa_flags=SA_RESTART|SA_SIGINFO
SIGHUP: [libjvm.dylib+0x4871f5], sa_mask[0]=11111111011111110111111111111111, sa_flags=SA_RESTART|SA_SIGINFO
SIGINT: [libjvm.dylib+0x4871f5], sa_mask[0]=11111111011111110111111111111111, sa_flags=SA_RESTART|SA_SIGINFO
SIGTERM: [libjvm.dylib+0x4871f5], sa_mask[0]=11111111011111110111111111111111, sa_flags=SA_RESTART|SA_SIGINFO
SIGQUIT: [libjvm.dylib+0x4871f5], sa_mask[0]=11111111011111110111111111111111, sa_flags=SA_RESTART|SA_SIGINFO


---------------  S Y S T E M  ---------------

OS:Bsduname:Darwin 18.2.0 Darwin Kernel Version 18.2.0: Fri Oct  5 19:41:49 PDT 2018; root:xnu-4903.221.2~2/RELEASE_X86_64 x86_64
rlimit: STACK 8192k, CORE 0k, NPROC 4256, NOFILE 10240, AS infinity
load average:2.83 2.52 2.64

CPU:total 12 (initial active 12) (6 cores per cpu, 2 threads per core) family 6 model 158 stepping 10, cmov, cx8, fxsr, mmx, sse, sse2, sse3, ssse3, sse4.1, sse4.2, popcnt, avx, avx2, aes, clmul, erms, rtm, 3dnowpref, lzcnt, ht, tsc, tscinvbit, bmi1, bmi2, adx

Memory: 4k page, physical 33554432k(62404k free)

/proc/meminfo:


vm_info: Java HotSpot(TM) 64-Bit Server VM (25.144-b01) for bsd-amd64 JRE (1.8.0_144-b01), built on Jul 21 2017 22:07:42 by "java_re" with gcc 4.2.1 (Based on Apple Inc. build 5658) (LLVM build 2336.11.00)

time: Wed Feb 13 15:21:15 2019
elapsed time: 4291 seconds (0d 1h 11m 31s)

